Let's build a current version
~/IoT_Summit_Lab ~/IoT_Summit_Lab
[INFO] Scanning for projects...
[INFO]                                                                         
[INFO] ------------------------------------------------------------------------
[INFO] Building routingService 1.0.0
[INFO] ------------------------------------------------------------------------
[INFO] 
[INFO] --- maven-clean-plugin:2.5:clean (default-clean) @ routingService ---
[INFO] 
[INFO] --- maven-resources-plugin:2.7:resources (default-resources) @ routingService ---
[INFO] Using 'UTF-8' encoding to copy filtered resources.
[INFO] ------------------------------------------------------------------------
[INFO] BUILD FAILURE
[INFO] ------------------------------------------------------------------------
[INFO] Total time: 1.586 s
[INFO] Finished at: 2016-08-31T21:36:56-04:00
[INFO] Final Memory: 16M/169M
[INFO] ------------------------------------------------------------------------
[ERROR] Failed to execute goal org.apache.maven.plugins:maven-resources-plugin:2.7:resources (default-resources) on project routingService: Cannot create resource output directory: /home/demo-user/IoT_Summit_Lab/RoutingService/target/classes -> [Help 1]
[ERROR] 
[ERROR] To see the full stack trace of the errors, re-run Maven with the -e switch.
[ERROR] Re-run Maven using the -X switch to enable full debug logging.
[ERROR] 
[ERROR] For more information about the errors and possible solutions, please read the following articles:
[ERROR] [Help 1] http://cwiki.apache.org/confluence/display/MAVEN/MojoExecutionException
~/IoT_Summit_Lab
Deploy the routing service
